<?xml version="1.0" encoding="UTF-8"?>
<testng-results ignored="0" total="1" passed="1" failed="0" skipped="0">
  <reporter-output>
  </reporter-output>
  <suite started-at="2023-09-17T18:54:24 IST" name="Default suite" finished-at="2023-09-17T18:54:50 IST" duration-ms="26474">
    <groups>
    </groups>
    <test started-at="2023-09-17T18:54:24 IST" name="Default test" finished-at="2023-09-17T18:54:50 IST" duration-ms="26474">
      <class name="com.uucms.qa.TestCases.TestCollegePage">
        <test-method is-config="true" signature="setup()[pri:0, instance:com.uucms.qa.TestCases.TestCollegePage@3febb011]" started-at="2023-09-17T18:54:24 IST" name="setup" finished-at="2023-09-17T18:54:50 IST" duration-ms="26081" status="PASS">
          <reporter-output>
          </reporter-output>
        </test-method> <!-- setup -->
        <test-method signature="verifyCollege()[pri:0, instance:com.uucms.qa.TestCases.TestCollegePage@3febb011]" started-at="2023-09-17T18:54:50 IST" name="verifyCollege" finished-at="2023-09-17T18:54:50 IST" duration-ms="64" status="PASS">
          <reporter-output>
          </reporter-output>
        </test-method> <!-- verifyCollege -->
        <test-method is-config="true" signature="teardown()[pri:0, instance:com.uucms.qa.TestCases.TestCollegePage@3febb011]" started-at="2023-09-17T18:54:50 IST" name="teardown" finished-at="2023-09-17T18:54:50 IST" duration-ms="244" status="PASS">
          <reporter-output>
          </reporter-output>
        </test-method> <!-- teardown -->
      </class> <!-- com.uucms.qa.TestCases.TestCollegePage -->
    </test> <!-- Default test -->
  </suite> <!-- Default suite -->
</testng-results>
